<?xml version="1.0" encoding="UTF-8"?>
<!-- Generated by org.testng.reporters.JUnitReportReporter -->
<testsuite skipped="0" hostname="DESKTOP-SR6CLN1" name="com.scrolltest.api.tests.TestGETperson" tests="1" failures="0" timestamp="2021-03-10T22:44:34 IST" time="13.294" errors="0">
  <testcase name="testPost" time="13.294" classname="com.scrolltest.api.tests.TestGETperson"/>
  <system-out/>
</testsuite> <!-- com.scrolltest.api.tests.TestGETperson -->
