<?xml version="1.0" encoding="UTF-8"?>
<!-- Generated by org.testng.reporters.JUnitReportReporter -->
<testsuite skipped="0" hostname="DESKTOP-SR6CLN1" name="com.scrolltest.api.tests.TestPATCHperson" tests="3" failures="0" timestamp="2021-03-10T22:59:05 IST" time="41.462" errors="0">
  <testcase name="testput" time="11.965" classname="com.scrolltest.api.tests.TestPATCHperson"/>
  <system-out/>
  <testcase name="testPatch" time="16.942" classname="com.scrolltest.api.tests.TestPATCHperson"/>
  <system-out/>
  <testcase name="testDelete" time="12.555" classname="com.scrolltest.api.tests.TestPATCHperson"/>
  <system-out/>
</testsuite> <!-- com.scrolltest.api.tests.TestPATCHperson -->
